<?xml version="1.0" encoding="utf-8"?><testsuites name="pytest tests"><testsuite name="pytest" errors="38" failures="340" skipped="148" tests="994" time="10.459" timestamp="2025-08-15T01:23:29.605346+02:00" hostname="842f574e849a"><testcase classname="tests.unit.api.handlers.test_api_handler_initialization.TestAPIHandlerInitialization" name="test_get_available_templates_handler_initialization" time="0.005" /><testcase classname="tests.unit.api.handlers.test_api_handler_initialization.TestAPIHandlerInitialization" name="test_request_machines_handler_initialization" time="0.003" /><testcase classname="tests.unit.api.handlers.test_api_handler_initialization.TestAPIHandlerInitialization" name="test_get_request_status_handler_initialization" time="0.004" /><testcase classname="tests.unit.api.handlers.test_api_handler_initialization.TestAPIHandlerInitialization" name="test_get_return_requests_handler_initialization" time="0.003" /><testcase classname="tests.unit.api.handlers.test_api_handler_initialization.TestAPIHandlerInitialization" name="test_request_return_machines_handler_initialization" time="0.003" /><testcase classname="tests.unit.api.handlers.test_api_handler_initialization.TestAPIHandlerRegistration" name="test_register_server_services" time="0.003"><failure message="AssertionError: Expected '_register_api_handlers' to be called once. Called 0 times.">/opt/homebrew/Cellar/python@3.13/3.13.6/Frameworks/Python.framework/Versions/3.13/lib/python3.13/unittest/mock.py:990: in assert_called_once_with
    raise AssertionError(msg)
E   AssertionError: Expected '_register_api_handlers' to be called once. Called 0 times.

During handling of the above exception, another exception occurred:
tests/unit/api/handlers/test_api_handler_initialization.py:147: in test_register_server_services
    mock_register_api_handlers.assert_called_once_with(container)
E   AssertionError: Expected '_register_api_handlers' to be called once. Called 0 times.</failure></testcase><testcase classname="tests.unit.api.handlers.test_api_handler_initialization.TestAPIHandlerRegistration" name="test_register_server_services_disabled" time="0.002" /><testcase classname="tests.unit.api.test_api_comprehensive.TestAPIHandlersComprehensive" name="test_handler_modules_exist" time="0.001" /><testcase classname="tests.unit.api.test_api_comprehensive.TestAPIHandlersComprehensive" name="test_handler_classes_exist" time="0.001" /><testcase classname="tests.unit.api.test_api_comprehensive.TestAPIHandlersComprehensive" name="test_handler_initialization" time="0.001" /><testcase classname="tests.unit.api.test_api_comprehensive.TestAPIHandlersComprehensive" name="test_handler_methods" time="0.003" /><testcase classname="tests.unit.api.test_api_comprehensive.TestAPIHandlersComprehensive" name="test_handler_dependencies" time="0.001" /><testcase classname="tests.unit.api.test_api_comprehensive.TestAPIModelsComprehensive" name="test_model_modules_exist" time="0.008" /><testcase classname="tests.unit.api.test_api_comprehensive.TestAPIModelsComprehensive" name="test_model_classes_exist" time="0.001" /><testcase classname="tests.unit.api.test_api_comprehensive.TestAPIModelsComprehensive" name="test_model_instantiation" time="0.001" /><testcase classname="tests.unit.api.test_api_comprehensive.TestAPIModelsComprehensive" name="test_model_serialization" time="0.001" /><testcase classname="tests.unit.api.test_api_comprehensive.TestAPIRoutersComprehensive" name="test_router_modules_exist" time="0.003"><failure message="AssertionError: At least one router module should exist&#10;assert 0 &gt; 0&#10; +  where 0 = len([])">tests/unit/api/test_api_comprehensive.py:344: in test_router_modules_exist
    assert len(modules) &gt; 0, "At least one router module should exist"
E   AssertionError: At least one router module should exist
E   assert 0 &gt; 0
E    +  where 0 = len([])</failure></testcase><testcase classname="tests.unit.api.test_api_comprehensive.TestAPIRoutersComprehensive" name="test_routers_have_routes" time="0.002" /><testcase classname="tests.unit.api.test_api_comprehensive.TestAPIRoutersComprehensive" name="test_router_integration" time="0.002" /><testcase classname="tests.unit.api.test_api_comprehensive.TestAPIValidationComprehensive" name="test_validation_module_exists" time="0.001" /><testcase classname="tests.unit.api.test_api_comprehensive.TestAPIValidationComprehensive" name="test_validation_functions" time="0.001" /><testcase classname="tests.unit.api.test_api_comprehensive.TestAPIValidationComprehensive" name="test_validation_classes" time="0.001" /><testcase classname="tests.unit.application.provider.test_provider_commands.TestProviderStrategyCommands" name="test_select_provider_strategy_command_creation" time="0.001" /><testcase classname="tests.unit.application.provider.test_provider_commands.TestProviderStrategyCommands" name="test_execute_provider_operation_command_creation" time="0.001" /><testcase classname="tests.unit.application.provider.test_provider_commands.TestProviderStrategyCommands" name="test_register_provider_strategy_command_creation" time="0.001" /><testcase classname="tests.unit.application.provider.test_provider_commands.TestProviderStrategyCommands" name="test_update_provider_health_command_creation" time="0.001" /><testcase classname="tests.unit.application.provider.test_provider_queries.TestProviderStrategyQueries" name="test_get_provider_health_query_creation" time="0.001" /><testcase classname="tests.unit.application.provider.test_provider_queries.TestProviderStrategyQueries" name="test_get_provider_health_query_defaults" time="0.001" /><testcase classname="tests.unit.application.provider.test_provider_queries.TestProviderStrategyQueries" name="test_list_available_providers_query_creation" time="0.001" /><testcase classname="tests.unit.application.provider.test_provider_queries.TestProviderStrategyQueries" name="test_get_provider_capabilities_query_creation" time="0.001" /><testcase classname="tests.unit.application.provider.test_provider_queries.TestProviderStrategyQueries" name="test_get_provider_metrics_query_creation" time="0.001" /><testcase classname="tests.unit.application.provider.test_provider_queries.TestProviderStrategyQueries" name="test_get_provider_strategy_config_query_creation" time="0.001" /><testcase classname="tests.unit.application.queries.test_scheduler_handlers.TestListSchedulerStrategiesHandler" name="test_list_strategies_basic" time="0.002" /><testcase classname="tests.unit.application.queries.test_scheduler_handlers.TestListSchedulerStrategiesHandler" name="test_list_strategies_with_details" time="0.002" /><testcase classname="tests.unit.application.queries.test_scheduler_handlers.TestListSchedulerStrategiesHandler" name="test_list_strategies_config_error" time="0.001" /><testcase classname="tests.unit.application.queries.test_scheduler_handlers.TestGetSchedulerConfigurationHandler" name="test_get_current_configuration" time="0.002" /><testcase classname="tests.unit.application.queries.test_scheduler_handlers.TestGetSchedulerConfigurationHandler" name="test_get_specific_configuration" time="0.002" /><testcase classname="tests.unit.application.queries.test_scheduler_handlers.TestGetSchedulerConfigurationHandler" name="test_get_configuration_not_registered" time="0.002" /><testcase classname="tests.unit.application.queries.test_scheduler_handlers.TestValidateSchedulerConfigurationHandler" name="test_validate_current_scheduler" time="0.002" /><testcase classname="tests.unit.application.queries.test_scheduler_handlers.TestValidateSchedulerConfigurationHandler" name="test_validate_unregistered_scheduler" time="0.002" /><testcase classname="tests.unit.application.queries.test_scheduler_handlers.TestValidateSchedulerConfigurationHandler" name="test_validate_strategy_creation_failure" time="0.002" /><testcase classname="tests.unit.application.services.test_provider_capability_service.TestProviderCapabilityService" name="test_validate_template_requirements_valid_ec2fleet" time="0.002" /><testcase classname="tests.unit.application.services.test_provider_capability_service.TestProviderCapabilityService" name="test_validate_template_requirements_valid_spot" time="0.001" /><testcase classname="tests.unit.application.services.test_provider_capability_service.TestProviderCapabilityService" name="test_validate_template_requirements_unsupported_api" time="0.001" /><testcase classname="tests.unit.application.services.test_provider_capability_service.TestProviderCapabilityService" name="test_validate_template_requirements_spot_on_runinstances" time="0.001" /><testcase classname="tests.unit.application.services.test_provider_capability_service.TestProviderCapabilityService" name="test_validate_template_requirements_high_instance_count" time="0.001" /><testcase classname="tests.unit.application.services.test_provider_capability_service.TestProviderCapabilityService" name="test_validate_template_requirements_fleet_type_support" time="0.001" /><testcase classname="tests.unit.application.services.test_provider_capability_service.TestProviderCapabilityService" name="test_validate_template_requirements_unsupported_fleet_type" time="0.001" /><testcase classname="tests.unit.application.services.test_provider_capability_service.TestProviderCapabilityService" name="test_validate_template_requirements_no_api_specified" time="0.002" /><testcase classname="tests.unit.application.services.test_provider_capability_service.TestProviderCapabilityService" name="test_validate_template_requirements_lenient_mode" time="0.001" /><testcase classname="tests.unit.application.services.test_provider_capability_service.TestProviderCapabilityService" name="test_validate_template_requirements_strict_mode_warnings_as_errors" time="0.001" /><testcase classname="tests.unit.application.services.test_provider_capability_service.TestProviderCapabilityService" name="test_validate_template_requirements_basic_mode" time="0.001" /><testcase classname="tests.unit.application.services.test_provider_capability_service.TestProviderCapabilityService" name="test_validate_template_requirements_exception_handling" time="0.001" /><testcase classname="tests.unit.application.services.test_provider_capability_service.TestProviderCapabilityService" name="test_get_provider_api_capabilities" time="0.001" /><testcase classname="tests.unit.application.services.test_provider_capability_service.TestProviderCapabilityService" name="test_get_provider_api_capabilities_unknown_api" time="0.001" /><testcase classname="tests.unit.application.services.test_provider_capability_service.TestProviderCapabilityService" name="test_list_supported_apis" time="0.001" /><testcase classname="tests.unit.application.services.test_provider_capability_service.TestProviderCapabilityService" name="test_list_supported_apis_unknown_provider" time="0.001" /><testcase classname="tests.unit.application.services.test_provider_capability_service.TestProviderCapabilityService" name="test_check_api_compatibility_multiple_providers" time="0.001" /><testcase classname="tests.unit.application.services.test_provider_capability_service.TestProviderCapabilityService" name="test_get_default_capabilities_aws" time="0.001" /><testcase classname="tests.unit.application.services.test_provider_capability_service.TestProviderCapabilityService" name="test_get_default_capabilities_unknown_provider" time="0.001" /><testcase classname="tests.unit.application.services.test_provider_capability_service.TestValidationResult" name="test_validation_result_creation" time="0.001" /><testcase classname="tests.unit.application.services.test_provider_capability_service.TestValidationResult" name="test_validation_result_defaults" time="0.001" /><testcase classname="tests.unit.application.services.test_provider_capability_service.TestValidationLevel" name="test_validation_level_values" time="0.001" /><testcase classname="tests.unit.application.services.test_provider_selection_service.TestProviderSelectionService" name="test_explicit_provider_selection_success" time="0.002" /><testcase classname="tests.unit.application.services.test_provider_selection_service.TestProviderSelectionService" name="test_explicit_provider_not_found" time="0.002" /><testcase classname="tests.unit.application.services.test_provider_selection_service.TestProviderSelectionService" name="test_explicit_provider_disabled" time="0.002" /><testcase classname="tests.unit.application.services.test_provider_selection_service.TestProviderSelectionService" name="test_load_balanced_provider_selection" time="0.002" /><testcase classname="tests.unit.application.services.test_provider_selection_service.TestProviderSelectionService" name="test_load_balanced_no_enabled_instances" time="0.002" /><testcase classname="tests.unit.application.services.test_provider_selection_service.TestProviderSelectionService" name="test_api_based_provider_selection" time="0.002" /><testcase classname="tests.unit.application.services.test_provider_selection_service.TestProviderSelectionService" name="test_api_based_no_compatible_providers" time="0.002" /><testcase classname="tests.unit.application.services.test_provider_selection_service.TestProviderSelectionService" name="test_default_provider_selection" time="0.002" /><testcase classname="tests.unit.application.services.test_provider_selection_service.TestProviderSelectionService" name="test_default_selection_no_config_defaults" time="0.002" /><testcase classname="tests.unit.application.services.test_provider_selection_service.TestProviderSelectionService" name="test_default_selection_no_enabled_providers" time="0.002" /><testcase classname="tests.unit.application.services.test_provider_selection_service.TestProviderSelectionService" name="test_weighted_round_robin_selection" time="0.002" /><testcase classname="tests.unit.application.services.test_provider_selection_service.TestProviderSelectionService" name="test_get_available_providers" time="0.002" /><testcase classname="tests.unit.application.services.test_provider_selection_service.TestProviderSelectionService" name="test_validate_provider_selection_valid" time="0.002" /><testcase classname="tests.unit.application.services.test_provider_selection_service.TestProviderSelectionService" name="test_validate_provider_selection_invalid_instance" time="0.002" /><testcase classname="tests.unit.application.services.test_provider_selection_service.TestProviderSelectionService" name="test_validate_provider_selection_disabled_instance" time="0.002" /><testcase classname="tests.unit.application.services.test_provider_selection_service.TestProviderSelectionService" name="test_validate_provider_selection_type_mismatch" time="0.002" /><testcase classname="tests.unit.application.services.test_provider_selection_service.TestProviderSelectionService" name="test_provider_supports_api_aws" time="0.002" /><testcase classname="tests.unit.application.services.test_provider_selection_service.TestProviderSelectionService" name="test_provider_supports_api_capability_check" time="0.002"><failure message="AssertionError: assert False&#10; +  where False = _provider_supports_api(ProviderInstanceConfig(name='test-provider', type='aws', enabled=True, priority=1, weight=10, config={}, handlers=None, handler_overrides=None, template_defaults=None, extensions=None, health_check=HealthCheckConfig(enabled=True, interval=300, timeout=30, retry_count=3)), 'CustomAPI')&#10; +    where _provider_supports_api = &lt;src.application.services.provider_selection_service.ProviderSelectionService object at 0x120908b50&gt;._provider_supports_api">tests/unit/application/services/test_provider_selection_service.py:391: in test_provider_supports_api_capability_check
    assert service._provider_supports_api(provider_instance, "CustomAPI")
E   AssertionError: assert False
E    +  where False = _provider_supports_api(ProviderInstanceConfig(name='test-provider', type='aws', enabled=True, priority=1, weight=10, config={}, handlers=None, handler_overrides=None, template_defaults=None, extensions=None, health_check=HealthCheckConfig(enabled=True, interval=300, timeout=30, retry_count=3)), 'CustomAPI')
E    +    where _provider_supports_api = &lt;src.application.services.provider_selection_service.ProviderSelectionService object at 0x120908b50&gt;._provider_supports_api</failure></testcase><testcase classname="tests.unit.application.services.test_provider_selection_service.TestProviderSelectionResult" name="test_provider_selection_result_creation" time="0.001" /><testcase classname="tests.unit.application.services.test_provider_selection_service.TestProviderSelectionResult" name="test_provider_selection_result_defaults" time="0.001" /><testcase classname="tests.unit.application.services.test_provider_selection_service.TestSelectionStrategy" name="test_selection_strategy_values" time="0.001" /><testcase classname="tests.unit.application.test_application_comprehensive.TestCommandHandlersComprehensive" name="test_command_handler_modules_exist" time="0.012" /><testcase classname="tests.unit.application.test_application_comprehensive.TestCommandHandlersComprehensive" name="test_command_handler_classes_exist" time="0.001" /><testcase classname="tests.unit.application.test_application_comprehensive.TestCommandHandlersComprehensive" name="test_command_handler_initialization" time="0.003" /><testcase classname="tests.unit.application.test_application_comprehensive.TestCommandHandlersComprehensive" name="test_command_handler_methods" time="0.009" /><testcase classname="tests.unit.application.test_application_comprehensive.TestQueryHandlersComprehensive" name="test_query_handler_modules_exist" time="0.005" /><testcase classname="tests.unit.application.test_application_comprehensive.TestQueryHandlersComprehensive" name="test_query_handler_classes_exist" time="0.001" /><testcase classname="tests.unit.application.test_application_comprehensive.TestQueryHandlersComprehensive" name="test_query_handler_methods" time="0.009" /><testcase classname="tests.unit.application.test_application_comprehensive.TestApplicationDTOsComprehensive" name="test_dto_modules_exist" time="0.001" /><testcase classname="tests.unit.application.test_application_comprehensive.TestApplicationDTOsComprehensive" name="test_dto_classes_exist" time="0.001" /><testcase classname="tests.unit.application.test_application_comprehensive.TestApplicationDTOsComprehensive" name="test_dto_instantiation" time="0.002" /><testcase classname="tests.unit.application.test_application_comprehensive.TestApplicationDTOsComprehensive" name="test_dto_serialization" time="0.001" /><testcase classname="tests.unit.application.test_application_comprehensive.TestCQRSMigrationValidation" name="test_cqrs_buses_exist" time="0.001" /><testcase classname="tests.unit.application.test_application_comprehensive.TestCQRSMigrationValidation" name="test_command_handlers_exist" time="0.001" /><testcase classname="tests.unit.application.test_application_comprehensive.TestCQRSMigrationValidation" name="test_query_handlers_exist" time="0.001" /><testcase classname="tests.unit.application.test_application_comprehensive.TestApplicationEventsComprehensive" name="test_event_modules_exist" time="0.005" /><testcase classname="tests.unit.application.test_application_comprehensive.TestApplicationEventsComprehensive" name="test_event_handler_classes_exist" time="0.001" /><testcase classname="tests.unit.application.test_application_comprehensive.TestApplicationEventsComprehensive" name="test_event_bus_exists" time="0.001" /><testcase classname="tests.unit.application.test_cqrs_patterns.TestCommandQuerySeparation" name="test_commands_do_not_return_business_data" time="0.000"><skipped type="pytest.skip" message="CQRS imports not available: cannot import name 'CreateRequestHandler' from 'src.application.commands.request_handlers' (/Users/flamurg/src/aws/symphony/open-hostfactory-plugin/src/application/commands/request_handlers.py)">/Users/flamurg/src/aws/symphony/open-hostfactory-plugin/tests/unit/application/test_cqrs_patterns.py:74: CQRS imports not available: cannot import name 'CreateRequestHandler' from 'src.application.commands.request_handlers' (/Users/flamurg/src/aws/symphony/open-hostfactory-plugin/src/application/commands/request_handlers.py)</skipped></testcase><testcase classname="tests.unit.application.test_cqrs_patterns.TestCommandQuerySeparation" name="test_queries_do_not_modify_state" time="0.000"><skipped type="pytest.skip" message="CQRS imports not available: cannot import name 'CreateRequestHandler' from 'src.application.commands.request_handlers' (/Users/flamurg/src/aws/symphony/open-hostfactory-plugin/src/application/commands/request_handlers.py)">/Users/flamurg/src/aws/symphony/open-hostfactory-plugin/tests/unit/application/test_cqrs_patterns.py:92: CQRS imports not available: cannot import name 'CreateRequestHandler' from 'src.application.commands.request_handlers' (/Users/flamurg/src/aws/symphony/open-hostfactory-plugin/src/application/commands/request_handlers.py)</skipped></testcase><testcase classname="tests.unit.application.test_cqrs_patterns.TestCommandQuerySeparation" name="test_command_handlers_modify_state" time="0.000"><skipped type="pytest.skip" message="CQRS imports not available: cannot import name 'CreateRequestHandler' from 'src.application.commands.request_handlers' (/Users/flamurg/src/aws/symphony/open-hostfactory-plugin/src/application/commands/request_handlers.py)">/Users/flamurg/src/aws/symphony/open-hostfactory-plugin/tests/unit/application/test_cqrs_patterns.py:115: CQRS imports not available: cannot import name 'CreateRequestHandler' from 'src.application.commands.request_handlers' (/Users/flamurg/src/aws/symphony/open-hostfactory-plugin/src/application/commands/request_handlers.py)</skipped></testcase><testcase classname="tests.unit.application.test_cqrs_patterns.TestCommandQuerySeparation" name="test_query_handlers_do_not_modify_state" time="0.000"><skipped type="pytest.skip" message="CQRS imports not available: cannot import name 'CreateRequestHandler' from 'src.application.commands.request_handlers' (/Users/flamurg/src/aws/symphony/open-hostfactory-plugin/src/application/commands/request_handlers.py)">/Users/flamurg/src/aws/symphony/open-hostfactory-plugin/tests/unit/application/test_cqrs_patterns.py:142: CQRS imports not available: cannot import name 'CreateRequestHandler' from 'src.application.commands.request_handlers' (/Users/flamurg/src/aws/symphony/open-hostfactory-plugin/src/application/commands/request_handlers.py)</skipped></testcase><testcase classname="tests.unit.application.test_cqrs_patterns.TestCommandBusImplementation" name="test_command_bus_routes_to_correct_handler" time="0.000"><skipped type="pytest.skip" message="CQRS imports not available: cannot import name 'CreateRequestHandler' from 'src.application.commands.request_handlers' (/Users/flamurg/src/aws/symphony/open-hostfactory-plugin/src/application/commands/request_handlers.py)">/Users/flamurg/src/aws/symphony/open-hostfactory-plugin/tests/unit/application/test_cqrs_patterns.py:172: CQRS imports not available: cannot import name 'CreateRequestHandler' from 'src.application.commands.request_handlers' (/Users/flamurg/src/aws/symphony/open-hostfactory-plugin/src/application/commands/request_handlers.py)</skipped></testcase><testcase classname="tests.unit.application.test_cqrs_patterns.TestCommandBusImplementation" name="test_command_bus_handles_unregistered_commands" time="0.000"><skipped type="pytest.skip" message="CQRS imports not available: cannot import name 'CreateRequestHandler' from 'src.application.commands.request_handlers' (/Users/flamurg/src/aws/symphony/open-hostfactory-plugin/src/application/commands/request_handlers.py)">/Users/flamurg/src/aws/symphony/open-hostfactory-plugin/tests/unit/application/test_cqrs_patterns.py:198: CQRS imports not available: cannot import name 'CreateRequestHandler' from 'src.application.commands.request_handlers' (/Users/flamurg/src/aws/symphony/open-hostfactory-plugin/src/application/commands/request_handlers.py)</skipped></testcase><testcase classname="tests.unit.application.test_cqrs_patterns.TestCommandBusImplementation" name="test_command_bus_supports_middleware" time="0.000"><skipped type="pytest.skip" message="CQRS imports not available: cannot import name 'CreateRequestHandler' from 'src.application.commands.request_handlers' (/Users/flamurg/src/aws/symphony/open-hostfactory-plugin/src/application/commands/request_handlers.py)">/Users/flamurg/src/aws/symphony/open-hostfactory-plugin/tests/unit/application/test_cqrs_patterns.py:210: CQRS imports not available: cannot import name 'CreateRequestHandler' from 'src.application.commands.request_handlers' (/Users/flamurg/src/aws/symphony/open-hostfactory-plugin/src/application/commands/request_handlers.py)</skipped></testcase><testcase classname="tests.unit.application.test_cqrs_patterns.TestCommandBusImplementation" name="test_command_bus_handles_async_commands" time="0.000"><skipped type="pytest.skip" message="CQRS imports not available: cannot import name 'CreateRequestHandler' from 'src.application.commands.request_handlers' (/Users/flamurg/src/aws/symphony/open-hostfactory-plugin/src/application/commands/request_handlers.py)">/Users/flamurg/src/aws/symphony/open-hostfactory-plugin/tests/unit/application/test_cqrs_patterns.py:239: CQRS imports not available: cannot import name 'CreateRequestHandler' from 'src.application.commands.request_handlers' (/Users/flamurg/src/aws/symphony/open-hostfactory-plugin/src/application/commands/request_handlers.py)</skipped></testcase><testcase classname="tests.unit.application.test_cqrs_patterns.TestQueryBusImplementation" name="test_query_bus_routes_to_correct_handler" time="0.000"><skipped type="pytest.skip" message="CQRS imports not available: cannot import name 'CreateRequestHandler' from 'src.application.commands.request_handlers' (/Users/flamurg/src/aws/symphony/open-hostfactory-plugin/src/application/commands/request_handlers.py)">/Users/flamurg/src/aws/symphony/open-hostfactory-plugin/tests/unit/application/test_cqrs_patterns.py:263: CQRS imports not available: cannot import name 'CreateRequestHandler' from 'src.application.commands.request_handlers' (/Users/flamurg/src/aws/symphony/open-hostfactory-plugin/src/application/commands/request_handlers.py)</skipped></testcase><testcase classname="tests.unit.application.test_cqrs_patterns.TestQueryBusImplementation" name="test_query_bus_supports_caching" time="0.000"><skipped type="pytest.skip" message="CQRS imports not available: cannot import name 'CreateRequestHandler' from 'src.application.commands.request_handlers' (/Users/flamurg/src/aws/symphony/open-hostfactory-plugin/src/application/commands/request_handlers.py)">/Users/flamurg/src/aws/symphony/open-hostfactory-plugin/tests/unit/application/test_cqrs_patterns.py:288: CQRS imports not available: cannot import name 'CreateRequestHandler' from 'src.application.commands.request_handlers' (/Users/flamurg/src/aws/symphony/open-hostfactory-plugin/src/application/commands/request_handlers.py)</skipped></testcase><testcase classname="tests.unit.application.test_cqrs_patterns.TestQueryBusImplementation" name="test_query_bus_handles_query_parameters" time="0.000"><skipped type="pytest.skip" message="CQRS imports not available: cannot import name 'CreateRequestHandler' from 'src.application.commands.request_handlers' (/Users/flamurg/src/aws/symphony/open-hostfactory-plugin/src/application/commands/request_handlers.py)">/Users/flamurg/src/aws/symphony/open-hostfactory-plugin/tests/unit/application/test_cqrs_patterns.py:317: CQRS imports not available: cannot import name 'CreateRequestHandler' from 'src.application.commands.request_handlers' (/Users/flamurg/src/aws/symphony/open-hostfactory-plugin/src/application/commands/request_handlers.py)</skipped></testcase><testcase classname="tests.unit.application.test_cqrs_patterns.TestQueryBusImplementation" name="test_query_bus_supports_result_transformation" time="0.000"><skipped type="pytest.skip" message="CQRS imports not available: cannot import name 'CreateRequestHandler' from 'src.application.commands.request_handlers' (/Users/flamurg/src/aws/symphony/open-hostfactory-plugin/src/application/commands/request_handlers.py)">/Users/flamurg/src/aws/symphony/open-hostfactory-plugin/tests/unit/application/test_cqrs_patterns.py:334: CQRS imports not available: cannot import name 'CreateRequestHandler' from 'src.application.commands.request_handlers' (/Users/flamurg/src/aws/symphony/open-hostfactory-plugin/src/application/commands/request_handlers.py)</skipped></testcase><testcase classname="tests.unit.application.test_cqrs_patterns.TestCommandHandlerImplementation" name="test_create_request_handler_validates_input" time="0.000"><skipped type="pytest.skip" message="CQRS imports not available: cannot import name 'CreateRequestHandler' from 'src.application.commands.request_handlers' (/Users/flamurg/src/aws/symphony/open-hostfactory-plugin/src/application/commands/request_handlers.py)">/Users/flamurg/src/aws/symphony/open-hostfactory-plugin/tests/unit/application/test_cqrs_patterns.py:362: CQRS imports not available: cannot import name 'CreateRequestHandler' from 'src.application.commands.request_handlers' (/Users/flamurg/src/aws/symphony/open-hostfactory-plugin/src/application/commands/request_handlers.py)</skipped></testcase><testcase classname="tests.unit.application.test_cqrs_patterns.TestCommandHandlerImplementation" name="test_command_handlers_are_transactional" time="0.000"><skipped type="pytest.skip" message="CQRS imports not available: cannot import name 'CreateRequestHandler' from 'src.application.commands.request_handlers' (/Users/flamurg/src/aws/symphony/open-hostfactory-plugin/src/application/commands/request_handlers.py)">/Users/flamurg/src/aws/symphony/open-hostfactory-plugin/tests/unit/application/test_cqrs_patterns.py:396: CQRS imports not available: cannot import name 'CreateRequestHandler' from 'src.application.commands.request_handlers' (/Users/flamurg/src/aws/symphony/open-hostfactory-plugin/src/application/commands/request_handlers.py)</skipped></testcase><testcase classname="tests.unit.application.test_cqrs_patterns.TestCommandHandlerImplementation" name="test_command_handlers_publish_events" time="0.000"><skipped type="pytest.skip" message="CQRS imports not available: cannot import name 'CreateRequestHandler' from 'src.application.commands.request_handlers' (/Users/flamurg/src/aws/symphony/open-hostfactory-plugin/src/application/commands/request_handlers.py)">/Users/flamurg/src/aws/symphony/open-hostfactory-plugin/tests/unit/application/test_cqrs_patterns.py:423: CQRS imports not available: cannot import name 'CreateRequestHandler' from 'src.application.commands.request_handlers' (/Users/flamurg/src/aws/symphony/open-hostfactory-plugin/src/application/commands/request_handlers.py)</skipped></testcase><testcase classname="tests.unit.application.test_cqrs_patterns.TestQueryHandlerImplementation" name="test_query_handlers_optimize_for_reads" time="0.000"><skipped type="pytest.skip" message="CQRS imports not available: cannot import name 'CreateRequestHandler' from 'src.application.commands.request_handlers' (/Users/flamurg/src/aws/symphony/open-hostfactory-plugin/src/application/commands/request_handlers.py)">/Users/flamurg/src/aws/symphony/open-hostfactory-plugin/tests/unit/application/test_cqrs_patterns.py:466: CQRS imports not available: cannot import name 'CreateRequestHandler' from 'src.application.commands.request_handlers' (/Users/flamurg/src/aws/symphony/open-hostfactory-plugin/src/application/commands/request_handlers.py)</skipped></testcase><testcase classname="tests.unit.application.test_cqrs_patterns.TestQueryHandlerImplementation" name="test_query_handlers_support_pagination" time="0.000"><skipped type="pytest.skip" message="CQRS imports not available: cannot import name 'CreateRequestHandler' from 'src.application.commands.request_handlers' (/Users/flamurg/src/aws/symphony/open-hostfactory-plugin/src/application/commands/request_handlers.py)">/Users/flamurg/src/aws/symphony/open-hostfactory-plugin/tests/unit/application/test_cqrs_patterns.py:483: CQRS imports not available: cannot import name 'CreateRequestHandler' from 'src.application.commands.request_handlers' (/Users/flamurg/src/aws/symphony/open-hostfactory-plugin/src/application/commands/request_handlers.py)</skipped></testcase><testcase classname="tests.unit.application.test_cqrs_patterns.TestQueryHandlerImplementation" name="test_query_handlers_support_filtering" time="0.000"><skipped type="pytest.skip" message="CQRS imports not available: cannot import name 'CreateRequestHandler' from 'src.application.commands.request_handlers' (/Users/flamurg/src/aws/symphony/open-hostfactory-plugin/src/application/commands/request_handlers.py)">/Users/flamurg/src/aws/symphony/open-hostfactory-plugin/tests/unit/application/test_cqrs_patterns.py:509: CQRS imports not available: cannot import name 'CreateRequestHandler' from 'src.application.commands.request_handlers' (/Users/flamurg/src/aws/symphony/open-hostfactory-plugin/src/application/commands/request_handlers.py)</skipped></testcase><testcase classname="tests.unit.application.test_cqrs_patterns.TestQueryHandlerImplementation" name="test_query_handlers_support_projections" time="0.001"><skipped type="pytest.skip" message="CQRS imports not available: cannot import name 'CreateRequestHandler' from 'src.application.commands.request_handlers' (/Users/flamurg/src/aws/symphony/open-hostfactory-plugin/src/application/commands/request_handlers.py)">/Users/flamurg/src/aws/symphony/open-hostfactory-plugin/tests/unit/application/test_cqrs_patterns.py:529: CQRS imports not available: cannot import name 'CreateRequestHandler' from 'src.application.commands.request_handlers' (/Users/flamurg/src/aws/symphony/open-hostfactory-plugin/src/application/commands/request_handlers.py)</skipped></testcase><testcase classname="tests.unit.application.test_cqrs_patterns.TestCQRSIntegration" name="test_cqrs_integrates_with_event_sourcing" time="0.000"><skipped type="pytest.skip" message="CQRS imports not available: cannot import name 'CreateRequestHandler' from 'src.application.commands.request_handlers' (/Users/flamurg/src/aws/symphony/open-hostfactory-plugin/src/application/commands/request_handlers.py)">/Users/flamurg/src/aws/symphony/open-hostfactory-plugin/tests/unit/application/test_cqrs_patterns.py:560: CQRS imports not available: cannot import name 'CreateRequestHandler' from 'src.application.commands.request_handlers' (/Users/flamurg/src/aws/symphony/open-hostfactory-plugin/src/application/commands/request_handlers.py)</skipped></testcase><testcase classname="tests.unit.application.test_cqrs_patterns.TestCQRSIntegration" name="test_cqrs_supports_read_models" time="0.000"><skipped type="pytest.skip" message="CQRS imports not available: cannot import name 'CreateRequestHandler' from 'src.application.commands.request_handlers' (/Users/flamurg/src/aws/symphony/open-hostfactory-plugin/src/application/commands/request_handlers.py)">/Users/flamurg/src/aws/symphony/open-hostfactory-plugin/tests/unit/application/test_cqrs_patterns.py:587: CQRS imports not available: cannot import name 'CreateRequestHandler' from 'src.application.commands.request_handlers' (/Users/flamurg/src/aws/symphony/open-hostfactory-plugin/src/application/commands/request_handlers.py)</skipped></testcase><testcase classname="tests.unit.application.test_cqrs_patterns.TestCQRSIntegration" name="test_cqrs_handles_eventual_consistency" time="0.000"><skipped type="pytest.skip" message="CQRS imports not available: cannot import name 'CreateRequestHandler' from 'src.application.commands.request_handlers' (/Users/flamurg/src/aws/symphony/open-hostfactory-plugin/src/application/commands/request_handlers.py)">/Users/flamurg/src/aws/symphony/open-hostfactory-plugin/tests/unit/application/test_cqrs_patterns.py:611: CQRS imports not available: cannot import name 'CreateRequestHandler' from 'src.application.commands.request_handlers' (/Users/flamurg/src/aws/symphony/open-hostfactory-plugin/src/application/commands/request_handlers.py)</skipped></testcase><testcase classname="tests.unit.application.test_cqrs_patterns.TestCQRSIntegration" name="test_cqrs_supports_saga_patterns" time="0.000"><skipped type="pytest.skip" message="CQRS imports not available: cannot import name 'CreateRequestHandler' from 'src.application.commands.request_handlers' (/Users/flamurg/src/aws/symphony/open-hostfactory-plugin/src/application/commands/request_handlers.py)">/Users/flamurg/src/aws/symphony/open-hostfactory-plugin/tests/unit/application/test_cqrs_patterns.py:640: CQRS imports not available: cannot import name 'CreateRequestHandler' from 'src.application.commands.request_handlers' (/Users/flamurg/src/aws/symphony/open-hostfactory-plugin/src/application/commands/request_handlers.py)</skipped></testcase><testcase classname="tests.unit.architecture.test_clean_architecture.TestCleanArchitecture" name="test_dependency_direction_rules" time="0.131" /><testcase classname="tests.unit.architecture.test_clean_architecture.TestCleanArchitecture" name="test_layer_isolation" time="0.010" /><testcase classname="tests.unit.architecture.test_clean_architecture.TestCleanArchitecture" name="test_interface_segregation" time="0.001"><failure message="ModuleNotFoundError: No module named 'src.infrastructure.ports'">tests/unit/architecture/test_clean_architecture.py:190: in test_interface_segregation
    from src.infrastructure.ports.auth.auth_port import AuthPort
E   ModuleNotFoundError: No module named 'src.infrastructure.ports'</failure></testcase><testcase classname="tests.unit.architecture.test_clean_architecture.TestCleanArchitecture" name="test_dependency_inversion" time="0.001"><failure message="AttributeError: module 'src.application' has no attribute 'service'. Did you mean: 'services'?">tests/unit/architecture/test_clean_architecture.py:210: in test_dependency_inversion
    with patch("src.application.service.ApplicationService") as MockAppService:
         ^^^^^^^^^^^^^^^^^^^^^^^^^^^^^^^^^^^^^^^^^^^^^^^^^^^
/opt/homebrew/Cellar/python@3.13/3.13.6/Frameworks/Python.framework/Versions/3.13/lib/python3.13/unittest/mock.py:1481: in __enter__
    self.target = self.getter()
                  ^^^^^^^^^^^^^
/opt/homebrew/Cellar/python@3.13/3.13.6/Frameworks/Python.framework/Versions/3.13/lib/python3.13/pkgutil.py:528: in resolve_name
    result = getattr(result, p)
             ^^^^^^^^^^^^^^^^^^
E   AttributeError: module 'src.application' has no attribute 'service'. Did you mean: 'services'?</failure></testcase><testcase classname="tests.unit.architecture.test_clean_architecture.TestCleanArchitecture" name="test_ports_and_adapters_pattern" time="0.001"><failure message="ModuleNotFoundError: No module named 'src.infrastructure.ports'">tests/unit/architecture/test_clean_architecture.py:231: in test_ports_and_adapters_pattern
    from src.infrastructure.ports.cloud_resource_manager_port import (
E   ModuleNotFoundError: No module named 'src.infrastructure.ports'</failure></testcase><testcase classname="tests.unit.architecture.test_clean_architecture.TestCleanArchitecture" name="test_domain_independence" time="0.051" /><testcase classname="tests.unit.architecture.test_clean_architecture.TestCleanArchitecture" name="test_application_service_layer" time="0.001"><failure message="AttributeError: module 'src.application' has no attribute 'service'. Did you mean: 'services'?">tests/unit/architecture/test_clean_architecture.py:277: in test_application_service_layer
    with patch("src.application.service.ApplicationService") as MockAppService:
         ^^^^^^^^^^^^^^^^^^^^^^^^^^^^^^^^^^^^^^^^^^^^^^^^^^^
/opt/homebrew/Cellar/python@3.13/3.13.6/Frameworks/Python.framework/Versions/3.13/lib/python3.13/unittest/mock.py:1481: in __enter__
    self.target = self.getter()
                  ^^^^^^^^^^^^^
/opt/homebrew/Cellar/python@3.13/3.13.6/Frameworks/Python.framework/Versions/3.13/lib/python3.13/pkgutil.py:528: in resolve_name
    result = getattr(result, p)
             ^^^^^^^^^^^^^^^^^^
E   AttributeError: module 'src.application' has no attribute 'service'. Did you mean: 'services'?</failure></testcase><testcase classname="tests.unit.architecture.test_clean_architecture.TestCleanArchitecture" name="test_infrastructure_layer_boundaries" time="0.001" /><testcase classname="tests.unit.architecture.test_clean_architecture.TestCleanArchitecture" name="test_interface_layer_responsibilities" time="0.003"><failure message="ModuleNotFoundError: No module named 'fastapi'">tests/unit/architecture/test_clean_architecture.py:321: in test_interface_layer_responsibilities
    from src.api.server import create_fastapi_app
src/api/server.py:3: in &lt;module&gt;
    from fastapi import FastAPI, Request
E   ModuleNotFoundError: No module named 'fastapi'</failure></testcase><testcase classname="tests.unit.architecture.test_clean_architecture.TestCleanArchitecture" name="test_cross_cutting_concerns" time="0.001" /><testcase classname="tests.unit.architecture.test_clean_architecture.TestCleanArchitecture" name="test_configuration_isolation" time="0.001" /><testcase classname="tests.unit.architecture.test_cqrs_compliance.TestCQRSCompliance" name="test_command_query_separation" time="0.001" /><testcase classname="tests.unit.architecture.test_cqrs_compliance.TestCQRSCompliance" name="test_command_handler_interface" time="0.001" /><testcase classname="tests.unit.architecture.test_cqrs_compliance.TestCQRSCompliance" name="test_query_handler_interface" time="0.001" /><testcase classname="tests.unit.architecture.test_cqrs_compliance.TestCQRSCompliance" name="test_command_immutability" time="0.001"><failure message="pydantic_core._pydantic_core.ValidationError: 1 validation error for CreateRequestCommand&#10;requested_count&#10;  Field required [type=missing, input_value={'template_id': 'test-tem...te', 'machine_count': 2}, input_type=dict]&#10;    For further information visit https://errors.pydantic.dev/2.9/v/missing">tests/unit/architecture/test_cqrs_compliance.py:82: in test_command_immutability
    command = CreateRequestCommand(template_id="test-template", machine_count=2)
              ^^^^^^^^^^^^^^^^^^^^^^^^^^^^^^^^^^^^^^^^^^^^^^^^^^^^^^^^^^^^^^^^^^
E   pydantic_core._pydantic_core.ValidationError: 1 validation error for CreateRequestCommand
E   requested_count
E     Field required [type=missing, input_value={'template_id': 'test-tem...te', 'machine_count': 2}, input_type=dict]
E       For further information visit https://errors.pydantic.dev/2.9/v/missing</failure></testcase><testcase classname="tests.unit.architecture.test_cqrs_compliance.TestCQRSCompliance" name="test_query_immutability" time="0.001" /><testcase classname="tests.unit.architecture.test_cqrs_compliance.TestCQRSCompliance" name="test_command_validation" time="0.001"><failure message="pydantic_core._pydantic_core.ValidationError: 1 validation error for CreateRequestCommand&#10;requested_count&#10;  Field required [type=missing, input_value={'template_id': 'test-tem...te', 'machine_count': 2}, input_type=dict]&#10;    For further information visit https://errors.pydantic.dev/2.9/v/missing">tests/unit/architecture/test_cqrs_compliance.py:105: in test_command_validation
    command = CreateRequestCommand(template_id="test-template", machine_count=2)
              ^^^^^^^^^^^^^^^^^^^^^^^^^^^^^^^^^^^^^^^^^^^^^^^^^^^^^^^^^^^^^^^^^^
E   pydantic_core._pydantic_core.ValidationError: 1 validation error for CreateRequestCommand
E   requested_count
E     Field required [type=missing, input_value={'template_id': 'test-tem...te', 'machine_count': 2}, input_type=dict]
E       For further information visit https://errors.pydantic.dev/2.9/v/missing</failure></testcase><testcase classname="tests.unit.architecture.test_cqrs_compliance.TestCQRSCompliance" name="test_query_validation" time="0.001" /><testcase classname="tests.unit.architecture.test_cqrs_compliance.TestCQRSCompliance" name="test_dependency_injection_integration" time="0.001" /><testcase classname="tests.unit.architecture.test_cqrs_compliance.TestCQRSCompliance" name="test_command_bus_pattern" time="0.001"><failure message="pydantic_core._pydantic_core.ValidationError: 1 validation error for CreateRequestCommand&#10;requested_count&#10;  Field required [type=missing, input_value={'template_id': 'test-tem...te', 'machine_count': 2}, input_type=dict]&#10;    For further information visit https://errors.pydantic.dev/2.9/v/missing">tests/unit/architecture/test_cqrs_compliance.py:148: in test_command_bus_pattern
    command = CreateRequestCommand(template_id="test-template", machine_count=2)
              ^^^^^^^^^^^^^^^^^^^^^^^^^^^^^^^^^^^^^^^^^^^^^^^^^^^^^^^^^^^^^^^^^^
E   pydantic_core._pydantic_core.ValidationError: 1 validation error for CreateRequestCommand
E   requested_count
E     Field required [type=missing, input_value={'template_id': 'test-tem...te', 'machine_count': 2}, input_type=dict]
E       For further information visit https://errors.pydantic.dev/2.9/v/missing</failure></testcase><testcase classname="tests.unit.architecture.test_cqrs_compliance.TestCQRSCompliance" name="test_query_bus_pattern" time="0.001" /><testcase classname="tests.unit.architecture.test_cqrs_compliance.TestCQRSCompliance" name="test_read_write_model_separation" time="0.001"><failure message="pydantic_core._pydantic_core.ValidationError: 1 validation error for CreateRequestCommand&#10;requested_count&#10;  Field required [type=missing, input_value={'template_id': 'test-tem...te', 'machine_count': 2}, input_type=dict]&#10;    For further information visit https://errors.pydantic.dev/2.9/v/missing">tests/unit/architecture/test_cqrs_compliance.py:175: in test_read_write_model_separation
    command = CreateRequestCommand(template_id="test-template", machine_count=2)
              ^^^^^^^^^^^^^^^^^^^^^^^^^^^^^^^^^^^^^^^^^^^^^^^^^^^^^^^^^^^^^^^^^^
E   pydantic_core._pydantic_core.ValidationError: 1 validation error for CreateRequestCommand
E   requested_count
E     Field required [type=missing, input_value={'template_id': 'test-tem...te', 'machine_count': 2}, input_type=dict]
E       For further information visit https://errors.pydantic.dev/2.9/v/missing</failure></testcase><testcase classname="tests.unit.architecture.test_cqrs_compliance.TestCQRSCompliance" name="test_event_driven_architecture_support" time="0.001" /><testcase classname="tests.unit.architecture.test_ddd_compliance_fixed.TestDDDComplianceFixed" name="test_aggregate_boundary_enforcement" time="0.001" /><testcase classname="tests.unit.architecture.test_ddd_compliance_fixed.TestDDDComplianceFixed" name="test_domain_service_isolation" time="0.001" /><testcase classname="tests.unit.architecture.test_ddd_compliance_fixed.TestDDDComplianceFixed" name="test_value_object_immutability" time="0.001" /><testcase classname="tests.unit.architecture.test_ddd_compliance_fixed.TestDDDComplianceFixed" name="test_entity_identity_rules" time="0.001" /><testcase classname="tests.unit.architecture.test_ddd_compliance_fixed.TestDDDComplianceFixed" name="test_domain_event_publishing" time="0.001" /><testcase classname="tests.unit.architecture.test_ddd_compliance_fixed.TestDDDComplianceFixed" name="test_value_object_equality_and_hashing" time="0.001" /><testcase classname="tests.unit.architecture.test_ddd_compliance_fixed.TestDDDComplianceFixed" name="test_domain_invariants_enforcement" time="0.001"><failure message="Failed: DID NOT RAISE &lt;class 'ValueError'&gt;">tests/unit/architecture/test_ddd_compliance_fixed.py:148: in test_domain_invariants_enforcement
    with pytest.raises(ValueError, match="image_id is required"):
         ^^^^^^^^^^^^^^^^^^^^^^^^^^^^^^^^^^^^^^^^^^^^^^^^^^^^^^^
E   Failed: DID NOT RAISE &lt;class 'ValueError'&gt;</failure></testcase><testcase classname="tests.unit.architecture.test_ddd_compliance_fixed.TestDDDComplianceFixed" name="test_value_object_behavior" time="0.001" /><testcase classname="tests.unit.architecture.test_ddd_compliance_fixed.TestDDDComplianceFixed" name="test_domain_model_validation" time="0.001" /><testcase classname="tests.unit.architecture.test_ddd_compliance_fixed.TestDDDComplianceFixed" name="test_resource_id_validation" time="0.001" /><testcase classname="tests.unit.architecture.test_ddd_compliance_fixed.TestDDDComplianceFixed" name="test_domain_exception_hierarchy" time="0.001" /><testcase classname="tests.unit.architecture.test_ddd_compliance_fixed.TestDDDComplianceFixed" name="test_template_business_logic" time="0.001" /><testcase classname="tests.unit.cli.test_cli_migration.TestCLIMigration" name="test_cli_modules_can_be_imported" time="0.002"><failure message="ImportError: cannot import name 'convert_to_legacy_args' from 'src.cli.main' (/Users/flamurg/src/aws/symphony/open-hostfactory-plugin/src/cli/main.py)">tests/unit/cli/test_cli_migration.py:25: in test_cli_modules_can_be_imported
    from src.cli.main import (
E   ImportError: cannot import name 'convert_to_legacy_args' from 'src.cli.main' (/Users/flamurg/src/aws/symphony/open-hostfactory-plugin/src/cli/main.py)</failure></testcase><testcase classname="tests.unit.cli.test_cli_migration.TestCLIMigration" name="test_shell_completion_generation" time="0.001" /><testcase classname="tests.unit.cli.test_cli_migration.TestCLIMigration" name="test_output_formatting" time="0.001" /><testcase classname="tests.unit.cli.test_cli_migration.TestCLIMigration" name="test_field_mapping_utilities" time="0.001" /><testcase classname="tests.unit.cli.test_cli_migration.TestCLIMigration" name="test_run_py_is_minimal" time="0.001"><failure message="AssertionError: run.py should be minimal, but has 31 lines&#10;assert 31 &lt; 30&#10; +  where 31 = len(['#!/usr/bin/env python3', '&quot;&quot;&quot;CLI entry point with resource-action structure.&quot;&quot;&quot;', 'import asyncio', 'import os', 'import sys', '', ...])">tests/unit/cli/test_cli_migration.py:113: in test_run_py_is_minimal
    assert len(lines) &lt; 30, f"run.py should be minimal, but has {len(lines)} lines"
E   AssertionError: run.py should be minimal, but has 31 lines
E   assert 31 &lt; 30
E    +  where 31 = len(['#!/usr/bin/env python3', '"""CLI entry point with resource-action structure."""', 'import asyncio', 'import os', 'import sys', '', ...])</failure></testcase><testcase classname="tests.unit.cli.test_storage_commands.TestStorageCommandHandlers" name="test_handle_list_storage_strategies" time="0.003"><failure message="src.domain.base.exceptions.ValidationError: Type error: object Mock can't be used in 'await' expression">src/infrastructure/error/decorators.py:56: in async_wrapper
    return await func(*args, **kwargs)
           ^^^^^^^^^^^^^^^^^^^^^^^^^^^
src/interface/storage_command_handlers.py:23: in handle_list_storage_strategies
    strategies = await query_bus.execute(query)
                 ^^^^^^^^^^^^^^^^^^^^^^^^^^^^^^
E   TypeError: object Mock can't be used in 'await' expression

The above exception was the direct cause of the following exception:
tests/unit/cli/test_storage_commands.py:35: in test_handle_list_storage_strategies
    result = await handle_list_storage_strategies(args)
             ^^^^^^^^^^^^^^^^^^^^^^^^^^^^^^^^^^^^^^^^^^
src/infrastructure/error/decorators.py:71: in async_wrapper
    raise handled_exception from e
E   src.domain.base.exceptions.ValidationError: Type error: object Mock can't be used in 'await' expression</failure></testcase><testcase classname="tests.unit.cli.test_storage_commands.TestStorageCommandHandlers" name="test_handle_show_storage_config" time="0.001"><failure message="src.domain.base.exceptions.InfrastructureError: Unexpected error: cannot import name 'GetStorageConfigQuery' from 'src.application.queries.system' (/Users/flamurg/src/aws/symphony/open-hostfactory-plugin/src/application/queries/system.py)">src/infrastructure/error/decorators.py:56: in async_wrapper
    return await func(*args, **kwargs)
           ^^^^^^^^^^^^^^^^^^^^^^^^^^^
src/interface/storage_command_handlers.py:46: in handle_show_storage_config
    from src.application.queries.system import GetStorageConfigQuery
E   ImportError: cannot import name 'GetStorageConfigQuery' from 'src.application.queries.system' (/Users/flamurg/src/aws/symphony/open-hostfactory-plugin/src/application/queries/system.py)

The above exception was the direct cause of the following exception:
tests/unit/cli/test_storage_commands.py:55: in test_handle_show_storage_config
    result = await handle_show_storage_config(args)
             ^^^^^^^^^^^^^^^^^^^^^^^^^^^^^^^^^^^^^^
src/infrastructure/error/decorators.py:71: in async_wrapper
    raise handled_exception from e
E   src.domain.base.exceptions.InfrastructureError: Unexpected error: cannot import name 'GetStorageConfigQuery' from 'src.application.queries.system' (/Users/flamurg/src/aws/symphony/open-hostfactory-plugin/src/application/queries/system.py)</failure></testcase><testcase classname="tests.unit.cli.test_storage_commands.TestStorageCommandHandlers" name="test_handle_validate_storage_config" time="0.001"><failure message="src.domain.base.exceptions.InfrastructureError: Unexpected error: cannot import name 'ValidateStorageConfigQuery' from 'src.application.queries.system' (/Users/flamurg/src/aws/symphony/open-hostfactory-plugin/src/application/queries/system.py)">src/infrastructure/error/decorators.py:56: in async_wrapper
    return await func(*args, **kwargs)
           ^^^^^^^^^^^^^^^^^^^^^^^^^^^
src/interface/storage_command_handlers.py:68: in handle_validate_storage_config
    from src.application.queries.system import ValidateStorageConfigQuery
E   ImportError: cannot import name 'ValidateStorageConfigQuery' from 'src.application.queries.system' (/Users/flamurg/src/aws/symphony/open-hostfactory-plugin/src/application/queries/system.py)

The above exception was the direct cause of the following exception:
tests/unit/cli/test_storage_commands.py:74: in test_handle_validate_storage_config
    result = await handle_validate_storage_config(args)
             ^^^^^^^^^^^^^^^^^^^^^^^^^^^^^^^^^^^^^^^^^^
src/infrastructure/error/decorators.py:71: in async_wrapper
    raise handled_exception from e
E   src.domain.base.exceptions.InfrastructureError: Unexpected error: cannot import name 'ValidateStorageConfigQuery' from 'src.application.queries.system' (/Users/flamurg/src/aws/symphony/open-hostfactory-plugin/src/application/queries/system.py)</failure></testcase><testcase classname="tests.unit.cli.test_storage_commands.TestStorageCommandHandlers" name="test_handle_test_storage" time="0.002"><failure message="src.domain.base.exceptions.InfrastructureError: Unexpected error: cannot import name 'TestStorageCommand' from 'src.application.commands.system' (/Users/flamurg/src/aws/symphony/open-hostfactory-plugin/src/application/commands/system.py)">src/infrastructure/error/decorators.py:56: in async_wrapper
    return await func(*args, **kwargs)
           ^^^^^^^^^^^^^^^^^^^^^^^^^^^
src/interface/storage_command_handlers.py:93: in handle_test_storage
    from src.application.commands.system import TestStorageCommand
E   ImportError: cannot import name 'TestStorageCommand' from 'src.application.commands.system' (/Users/flamurg/src/aws/symphony/open-hostfactory-plugin/src/application/commands/system.py)

The above exception was the direct cause of the following exception:
tests/unit/cli/test_storage_commands.py:95: in test_handle_test_storage
    result = await handle_test_storage(args)
             ^^^^^^^^^^^^^^^^^^^^^^^^^^^^^^^
src/infrastructure/error/decorators.py:71: in async_wrapper
    raise handled_exception from e
E   src.domain.base.exceptions.InfrastructureError: Unexpected error: cannot import name 'TestStorageCommand' from 'src.application.commands.system' (/Users/flamurg/src/aws/symphony/open-hostfactory-plugin/src/application/commands/system.py)</failure></testcase><testcase classname="tests.unit.cli.test_storage_commands.TestStorageCommandHandlers" name="test_handle_storage_health" time="0.001"><failure message="src.domain.base.exceptions.InfrastructureError: Unexpected error: cannot import name 'GetStorageHealthQuery' from 'src.application.queries.system' (/Users/flamurg/src/aws/symphony/open-hostfactory-plugin/src/application/queries/system.py)">src/infrastructure/error/decorators.py:56: in async_wrapper
    return await func(*args, **kwargs)
           ^^^^^^^^^^^^^^^^^^^^^^^^^^^
src/interface/storage_command_handlers.py:115: in handle_storage_health
    from src.application.queries.system import GetStorageHealthQuery
E   ImportError: cannot import name 'GetStorageHealthQuery' from 'src.application.queries.system' (/Users/flamurg/src/aws/symphony/open-hostfactory-plugin/src/application/queries/system.py)

The above exception was the direct cause of the following exception:
tests/unit/cli/test_storage_commands.py:116: in test_handle_storage_health
    result = await handle_storage_health(args)
             ^^^^^^^^^^^^^^^^^^^^^^^^^^^^^^^^^
src/infrastructure/error/decorators.py:71: in async_wrapper
    raise handled_exception from e
E   src.domain.base.exceptions.InfrastructureError: Unexpected error: cannot import name 'GetStorageHealthQuery' from 'src.application.queries.system' (/Users/flamurg/src/aws/symphony/open-hostfactory-plugin/src/application/queries/system.py)</failure></testcase><testcase classname="tests.unit.cli.test_storage_commands.TestStorageCommandHandlers" name="test_handle_storage_metrics" time="0.002"><failure message="src.domain.base.exceptions.InfrastructureError: Unexpected error: cannot import name 'GetStorageMetricsQuery' from 'src.application.queries.system' (/Users/flamurg/src/aws/symphony/open-hostfactory-plugin/src/application/queries/system.py)">src/infrastructure/error/decorators.py:56: in async_wrapper
    return await func(*args, **kwargs)
           ^^^^^^^^^^^^^^^^^^^^^^^^^^^
src/interface/storage_command_handlers.py:137: in handle_storage_metrics
    from src.application.queries.system import GetStorageMetricsQuery
E   ImportError: cannot import name 'GetStorageMetricsQuery' from 'src.application.queries.system' (/Users/flamurg/src/aws/symphony/open-hostfactory-plugin/src/application/queries/system.py)

The above exception was the direct cause of the following exception:
tests/unit/cli/test_storage_commands.py:137: in test_handle_storage_metrics
    result = await handle_storage_metrics(args)
             ^^^^^^^^^^^^^^^^^^^^^^^^^^^^^^^^^^
src/infrastructure/error/decorators.py:71: in async_wrapper
    raise handled_exception from e
E   src.domain.base.exceptions.InfrastructureError: Unexpected error: cannot import name 'GetStorageMetricsQuery' from 'src.application.queries.system' (/Users/flamurg/src/aws/symphony/open-hostfactory-plugin/src/application/queries/system.py)</failure></testcase><testcase classname="tests.unit.cli.test_storage_commands.TestStorageHandlerImports" name="test_import_storage_handlers" time="0.001" /><testcase classname="tests.unit.config.test_env_expansion.TestEnvironmentVariableExpansion" name="test_expand_simple_env_var" time="0.001" /><testcase classname="tests.unit.config.test_env_expansion.TestEnvironmentVariableExpansion" name="test_expand_braced_env_var" time="0.001" /><testcase classname="tests.unit.config.test_env_expansion.TestEnvironmentVariableExpansion" name="test_expand_env_var_with_subpath" time="0.001" /><testcase classname="tests.unit.config.test_env_expansion.TestEnvironmentVariableExpansion" name="test_expand_braced_env_var_with_subpath" time="0.001" /><testcase classname="tests.unit.config.test_env_expansion.TestEnvironmentVariableExpansion" name="test_expand_nonexistent_env_var" time="0.001" /><testcase classname="tests.unit.config.test_env_expansion.TestEnvironmentVariableExpansion" name="test_expand_dict_values" time="0.001" /><testcase classname="tests.unit.config.test_env_expansion.TestEnvironmentVariableExpansion" name="test_expand_nested_dict_values" time="0.001" /><testcase classname="tests.unit.config.test_env_expansion.TestEnvironmentVariableExpansion" name="test_expand_list_values" time="0.001" /><testcase classname="tests.unit.config.test_env_expansion.TestEnvironmentVariableExpansion" name="test_expand_non_string_values" time="0.001" /><testcase classname="tests.unit.config.test_env_expansion.TestEnvironmentVariableExpansion" name="test_expand_config_env_vars" time="0.001" /><testcase classname="tests.unit.config.test_provider_config.TestProviderInstanceConfig" name="test_valid_provider_instance_config" time="0.001"><failure message="AttributeError: 'ProviderInstanceConfig' object has no attribute 'capabilities'">tests/unit/config/test_provider_config.py:35: in test_valid_provider_instance_config
    assert "instances" in config.capabilities
                          ^^^^^^^^^^^^^^^^^^^
.venv/lib/python3.13/site-packages/pydantic/main.py:856: in __getattr__
    raise AttributeError(f'{type(self).__name__!r} object has no attribute {item!r}')
E   AttributeError: 'ProviderInstanceConfig' object has no attribute 'capabilities'</failure></testcase><testcase classname="tests.unit.config.test_provider_config.TestProviderInstanceConfig" name="test_provider_name_validation" time="0.001" /><testcase classname="tests.unit.config.test_provider_config.TestProviderInstanceConfig" name="test_provider_type_validation" time="0.001" /><testcase classname="tests.unit.config.test_provider_config.TestProviderInstanceConfig" name="test_weight_validation" time="0.001" /><testcase classname="tests.unit.config.test_provider_config.TestHealthCheckConfig" name="test_default_health_check_config" time="0.001" /><testcase classname="tests.unit.config.test_provider_config.TestHealthCheckConfig" name="test_custom_health_check_config" time="0.001" /><testcase classname="tests.unit.config.test_provider_config.TestHealthCheckConfig" name="test_health_check_validation" time="0.001" /><testcase classname="tests.unit.config.test_provider_config.TestCircuitBreakerConfig" name="test_default_circuit_breaker_config" time="0.001" /><testcase classname="tests.unit.config.test_provider_config.TestCircuitBreakerConfig" name="test_custom_circuit_breaker_config" time="0.001" /><testcase classname="tests.unit.config.test_provider_config.TestCircuitBreakerConfig" name="test_circuit_breaker_validation" time="0.001" /><testcase classname="tests.unit.config.test_provider_config.TestProviderConfig" name="test_single_provider_mode_explicit" time="0.001" /><testcase classname="tests.unit.config.test_provider_config.TestProviderConfig" name="test_multi_provider_mode" time="0.001" /><testcase classname="tests.unit.config.test_provider_config.TestProviderConfig" name="test_single_provider_mode_implicit" time="0.001" /><testcase classname="tests.unit.config.test_provider_config.TestProviderConfig" name="test_single_provider_mode" time="0.001" /><testcase classname="tests.unit.config.test_provider_config.TestProviderConfig" name="test_selection_policy_validation" time="0.001" /><testcase classname="tests.unit.config.test_provider_config.TestProviderConfig" name="test_provider_name_uniqueness" time="0.001" /><testcase classname="tests.unit.config.test_provider_config.TestProviderConfig" name="test_active_provider_exists" time="0.001" /><testcase classname="tests.unit.config.test_provider_config.TestProviderConfig" name="test_get_provider_by_name" time="0.001" /><testcase classname="tests.unit.config.test_provider_config.TestProviderConfig" name="test_health_check_interval_validation" time="0.001" /><testcase classname="tests.unit.config.test_provider_config.TestProviderConfig" name="test_empty_configuration_validation" time="0.001" /><testcase classname="tests.unit.config.test_provider_defaults_inheritance.TestProviderDefaultsInheritance" name="test_basic_inheritance" time="0.001" /><testcase classname="tests.unit.config.test_provider_defaults_inheritance.TestProviderDefaultsInheritance" name="test_handler_override_merging" time="0.001" /><testcase classname="tests.unit.config.test_provider_defaults_inheritance.TestProviderDefaultsInheritance" name="test_handler_removal_via_null_override" time="0.001" /><testcase classname="tests.unit.config.test_provider_defaults_inheritance.TestProviderDefaultsInheritance" name="test_full_handler_override_ignores_defaults" time="0.001" /><testcase classname="tests.unit.config.test_provider_defaults_inheritance.TestProviderDefaultsInheritance" name="test_multi_provider_type_inheritance" time="0.001" /><testcase classname="tests.unit.config.test_provider_defaults_inheritance.TestProviderDefaultsInheritance" name="test_complex_regional_limitations_scenario" time="0.001" /><testcase classname="tests.unit.config.test_provider_defaults_inheritance.TestProviderDefaultsInheritance" name="test_handler_config_merge_functionality" time="0.001" /><testcase classname="tests.unit.config.test_provider_defaults_inheritance.TestProviderDefaultsInheritance" name="test_inheritance_with_missing_defaults" time="0.001" /><testcase classname="tests.unit.config.test_scheduler_config.TestSchedulerConfig" name="test_default_scheduler_config" time="0.001" /><testcase classname="tests.unit.config.test_scheduler_config.TestSchedulerConfig" name="test_custom_scheduler_config" time="0.001" /><testcase classname="tests.unit.config.test_scheduler_config.TestSchedulerConfig" name="test_scheduler_config_with_env_var" time="0.001" /><testcase classname="tests.unit.config.test_scheduler_config.TestAppConfigWithScheduler" name="test_app_config_with_default_scheduler" time="0.001" /><testcase classname="tests.unit.config.test_scheduler_config.TestAppConfigWithScheduler" name="test_app_config_path_generation" time="0.001" /><testcase classname="tests.unit.config.test_scheduler_config.TestAppConfigWithScheduler" name="test_app_config_path_generation_provider1" time="0.001" /><testcase classname="tests.unit.config.test_scheduler_config.TestAppConfigWithScheduler" name="test_app_config_path_generation_with_complex_provider_name" time="0.001" /><testcase classname="tests.unit.domain.test_base_entities.TestBaseEntity" name="test_entity_creation" time="0.001" /><testcase classname="tests.unit.domain.test_base_entities.TestBaseEntity" name="test_entity_equality" time="0.001" /><testcase classname="tests.unit.domain.test_base_entities.TestBaseEntity" name="test_entity_equality_different_types" time="0.002" /><testcase classname="tests.unit.domain.test_base_entities.TestBaseEntity" name="test_entity_hash" time="0.001" /><testcase classname="tests.unit.domain.test_base_entities.TestBaseEntity" name="test_entity_validation" time="0.001" /><testcase classname="tests.unit.domain.test_base_entities.TestBaseEntity" name="test_entity_with_timestamps" time="0.001" /><testcase classname="tests.unit.domain.test_base_entities.TestBaseEntity" name="test_entity_none_id" time="0.001"><failure message="AssertionError: assert MockEntity(id=None, created_at=None, updated_at=None, name='No ID Entity', value=0) != MockEntity(id=None, created_at=None, updated_at=None, name='Another No ID Entity', value=0)">tests/unit/domain/test_base_entities.py:95: in test_entity_none_id
    assert entity != entity2
E   AssertionError: assert MockEntity(id=None, created_at=None, updated_at=None, name='No ID Entity', value=0) != MockEntity(id=None, created_at=None, updated_at=None, name='Another No ID Entity', value=0)</failure></testcase><testcase classname="tests.unit.domain.test_base_entities.TestValueObjects" name="test_instance_id_creation" time="0.001" /><testcase classname="tests.unit.domain.test_base_entities.TestValueObjects" name="test_instance_id_validation" time="0.001" /><testcase classname="tests.unit.domain.test_base_entities.TestValueObjects" name="test_instance_id_invalid" time="0.001" /><testcase classname="tests.unit.domain.test_base_entities.TestValueObjects" name="test_instance_type_creation" time="0.001" /><testcase classname="tests.unit.domain.test_base_entities.TestValueObjects" name="test_instance_type_validation" time="0.001" /><testcase classname="tests.unit.domain.test_base_entities.TestValueObjects" name="test_instance_type_invalid" time="0.001" /><testcase classname="tests.unit.domain.test_base_entities.TestValueObjects" name="test_resource_id_creation" time="0.001" /><testcase classname="tests.unit.domain.test_base_entities.TestValueObjects" name="test_resource_id_validation" time="0.001" /><testcase classname="tests.unit.domain.test_base_entities.TestValueObjects" name="test_resource_id_invalid" time="0.001" /><testcase classname="tests.unit.domain.test_base_entities.TestValueObjects" name="test_tags_creation" time="0.001" /><testcase classname="tests.unit.domain.test_base_entities.TestValueObjects" name="test_tags_operations" time="0.001" /><testcase classname="tests.unit.domain.test_base_entities.TestValueObjects" name="test_tags_validation" time="0.001" /><testcase classname="tests.unit.domain.test_base_entities.TestValueObjects" name="test_ip_address_creation" time="0.001" /><testcase classname="tests.unit.domain.test_base_entities.TestValueObjects" name="test_ip_address_validation" time="0.001" /><testcase classname="tests.unit.domain.test_base_entities.TestValueObjects" name="test_ip_address_invalid" time="0.001" /><testcase classname="tests.unit.domain.test_base_entities.TestDomainExceptions" name="test_domain_exception_creation" time="0.001" /><testcase classname="tests.unit.domain.test_base_entities.TestDomainExceptions" name="test_validation_error_creation" time="0.001"><failure message="TypeError: DomainException.__init__() got an unexpected keyword argument 'field'">tests/unit/domain/test_base_entities.py:346: in test_validation_error_creation
    error = ValidationError("Invalid value", field="test_field")
            ^^^^^^^^^^^^^^^^^^^^^^^^^^^^^^^^^^^^^^^^^^^^^^^^^^^^
E   TypeError: DomainException.__init__() got an unexpected keyword argument 'field'</failure></testcase><testcase classname="tests.unit.domain.test_base_entities.TestDomainExceptions" name="test_validation_error_without_field" time="0.001"><failure message="AttributeError: 'ValidationError' object has no attribute 'field'">tests/unit/domain/test_base_entities.py:354: in test_validation_error_without_field
    assert error.field is None
           ^^^^^^^^^^^
E   AttributeError: 'ValidationError' object has no attribute 'field'</failure></testcase><testcase classname="tests.unit.domain.test_base_entities.TestDomainExceptions" name="test_exception_inheritance" time="0.001" /><testcase classname="tests.unit.domain.test_base_entities.TestValueObjectEquality" name="test_value_object_equality" time="0.001" /><testcase classname="tests.unit.domain.test_base_entities.TestValueObjectEquality" name="test_value_object_hash" time="0.001" /><testcase classname="tests.unit.domain.test_base_entities.TestValueObjectEquality" name="test_value_object_immutability" time="0.001"><failure message="pydantic_core._pydantic_core.ValidationError: 1 validation error for InstanceId&#10;value&#10;  Instance is frozen [type=frozen_instance, input_value='i-new-value', input_type=str]&#10;    For further information visit https://errors.pydantic.dev/2.9/v/frozen_instance">tests/unit/domain/test_base_entities.py:394: in test_value_object_immutability
    instance_id.value = "i-new-value"
    ^^^^^^^^^^^^^^^^^
.venv/lib/python3.13/site-packages/pydantic/main.py:875: in __setattr__
    self._check_frozen(name, value)
.venv/lib/python3.13/site-packages/pydantic/main.py:939: in _check_frozen
    raise pydantic_core.ValidationError.from_exception_data(self.__class__.__name__, [error])
E   pydantic_core._pydantic_core.ValidationError: 1 validation error for InstanceId
E   value
E     Instance is frozen [type=frozen_instance, input_value='i-new-value', input_type=str]
E       For further information visit https://errors.pydantic.dev/2.9/v/frozen_instance</failure></testcase><testcase classname="tests.unit.domain.test_base_entities.TestValueObjectEquality" name="test_different_value_object_types" time="0.001"><failure message="AssertionError: assert 8707290669421981821 != 8707290669421981821&#10; +  where 8707290669421981821 = hash(InstanceId('i-1234567890abcdef0'))&#10; +  and   8707290669421981821 = hash(ResourceId('i-1234567890abcdef0'))">tests/unit/domain/test_base_entities.py:403: in test_different_value_object_types
    assert hash(instance_id) != hash(resource_id)
E   AssertionError: assert 8707290669421981821 != 8707290669421981821
E    +  where 8707290669421981821 = hash(InstanceId('i-1234567890abcdef0'))
E    +  and   8707290669421981821 = hash(ResourceId('i-1234567890abcdef0'))</failure></testcase><testcase classname="tests.unit.domain.test_base_entities.TestValueObjectStringRepresentation" name="test_instance_id_str" time="0.001" /><testcase classname="tests.unit.domain.test_base_entities.TestValueObjectStringRepresentation" name="test_instance_type_str" time="0.002"><failure message="assert &quot;InstanceType...e='t2.micro')&quot; == &quot;InstanceType('t2.micro')&quot;&#10;  &#10;  #x1B[0m#x1B[91m- InstanceType('t2.micro')#x1B[39;49;00m#x1B[90m#x1B[39;49;00m&#10;  #x1B[92m+ InstanceType(value='t2.micro')#x1B[39;49;00m#x1B[90m#x1B[39;49;00m&#10;  ?              ++++++#x1B[90m#x1B[39;49;00m">tests/unit/domain/test_base_entities.py:420: in test_instance_type_str
    assert repr(instance_type) == "InstanceType('t2.micro')"
E   assert "InstanceType...e='t2.micro')" == "InstanceType('t2.micro')"
E     
E     #x1B[0m#x1B[91m- InstanceType('t2.micro')#x1B[39;49;00m#x1B[90m#x1B[39;49;00m
E     #x1B[92m+ InstanceType(value='t2.micro')#x1B[39;49;00m#x1B[90m#x1B[39;49;00m
E     ?              ++++++#x1B[90m#x1B[39;49;00m</failure></testcase><testcase classname="tests.unit.domain.test_base_entities.TestValueObjectStringRepresentation" name="test_tags_str" time="0.001" /><testcase classname="tests.unit.domain.test_business_rules.TestRequestBusinessRules" name="test_machine_count_must_be_positive" time="0.001"><failure message="TypeError: Request.create_new_request() got an unexpected keyword argument 'requester_id'">tests/unit/domain/test_business_rules.py:38: in test_machine_count_must_be_positive
    Request.create_new_request(
E   TypeError: Request.create_new_request() got an unexpected keyword argument 'requester_id'</failure></testcase><testcase classname="tests.unit.domain.test_business_rules.TestRequestBusinessRules" name="test_machine_count_maximum_limit" time="0.001"><failure message="TypeError: Request.create_new_request() got an unexpected keyword argument 'requester_id'">tests/unit/domain/test_business_rules.py:51: in test_machine_count_maximum_limit
    Request.create_new_request(
E   TypeError: Request.create_new_request() got an unexpected keyword argument 'requester_id'</failure></testcase><testcase classname="tests.unit.domain.test_business_rules.TestRequestBusinessRules" name="test_template_id_cannot_be_empty" time="0.001"><failure message="TypeError: Request.create_new_request() got an unexpected keyword argument 'requester_id'">tests/unit/domain/test_business_rules.py:60: in test_template_id_cannot_be_empty
    Request.create_new_request(template_id="", machine_count=1, requester_id="test-user")
E   TypeError: Request.create_new_request() got an unexpected keyword argument 'requester_id'</failure></testcase><testcase classname="tests.unit.domain.test_business_rules.TestRequestBusinessRules" name="test_requester_id_cannot_be_empty" time="0.001"><failure message="TypeError: Request.create_new_request() got an unexpected keyword argument 'requester_id'">tests/unit/domain/test_business_rules.py:68: in test_requester_id_cannot_be_empty
    Request.create_new_request(
E   TypeError: Request.create_new_request() got an unexpected keyword argument 'requester_id'</failure></testcase><testcase classname="tests.unit.domain.test_business_rules.TestRequestBusinessRules" name="test_priority_must_be_valid_range" time="0.001"><failure message="TypeError: Request.create_new_request() got an unexpected keyword argument 'requester_id'">tests/unit/domain/test_business_rules.py:80: in test_priority_must_be_valid_range
    request = Request.create_new_request(
E   TypeError: Request.create_new_request() got an unexpected keyword argument 'requester_id'</failure></testcase><testcase classname="tests.unit.domain.test_business_rules.TestRequestBusinessRules" name="test_timeout_must_be_positive" time="0.001"><failure message="TypeError: Request.create_new_request() got an unexpected keyword argument 'requester_id'">tests/unit/domain/test_business_rules.py:108: in test_timeout_must_be_positive
    request = Request.create_new_request(
E   TypeError: Request.create_new_request() got an unexpected keyword argument 'requester_id'</failure></testcase><testcase classname="tests.unit.domain.test_business_rules.TestRequestBusinessRules" name="test_return_request_must_have_machine_ids" time="0.001"><failure message="TypeError: Request.create_return_request() got an unexpected keyword argument 'machine_ids'. Did you mean 'machine_refs'?">tests/unit/domain/test_business_rules.py:128: in test_return_request_must_have_machine_ids
    Request.create_return_request(machine_ids=[], requester_id="test-user")
E   TypeError: Request.create_return_request() got an unexpected keyword argument 'machine_ids'. Did you mean 'machine_refs'?</failure></testcase><testcase classname="tests.unit.domain.test_business_rules.TestRequestBusinessRules" name="test_return_request_machine_ids_must_be_valid" time="0.001"><failure message="TypeError: Request.create_return_request() got an unexpected keyword argument 'machine_ids'. Did you mean 'machine_refs'?">tests/unit/domain/test_business_rules.py:136: in test_return_request_machine_ids_must_be_valid
    request = Request.create_return_request(
E   TypeError: Request.create_return_request() got an unexpected keyword argument 'machine_ids'. Did you mean 'machine_refs'?</failure></testcase><testcase classname="tests.unit.domain.test_business_rules.TestRequestBusinessRules" name="test_request_status_transitions_are_valid" time="0.001"><failure message="TypeError: Request.create_new_request() got an unexpected keyword argument 'requester_id'">tests/unit/domain/test_business_rules.py:150: in test_request_status_transitions_are_valid
    request = Request.create_new_request(
E   TypeError: Request.create_new_request() got an unexpected keyword argument 'requester_id'</failure></testcase><testcase classname="tests.unit.domain.test_business_rules.TestRequestBusinessRules" name="test_request_cannot_be_completed_without_processing" time="0.001"><failure message="TypeError: Request.create_new_request() got an unexpected keyword argument 'requester_id'">tests/unit/domain/test_business_rules.py:169: in test_request_cannot_be_completed_without_processing
    request = Request.create_new_request(
E   TypeError: Request.create_new_request() got an unexpected keyword argument 'requester_id'</failure></testcase><testcase classname="tests.unit.domain.test_business_rules.TestRequestBusinessRules" name="test_completed_request_cannot_be_modified" time="0.001"><failure message="TypeError: Request.create_new_request() got an unexpected keyword argument 'requester_id'">tests/unit/domain/test_business_rules.py:179: in test_completed_request_cannot_be_modified
    request = Request.create_new_request(
E   TypeError: Request.create_new_request() got an unexpected keyword argument 'requester_id'</failure></testcase><testcase classname="tests.unit.domain.test_business_rules.TestRequestBusinessRules" name="test_request_timeout_enforcement" time="0.001"><failure message="TypeError: Request.create_new_request() got an unexpected keyword argument 'requester_id'">tests/unit/domain/test_business_rules.py:192: in test_request_timeout_enforcement
    request = Request.create_new_request(
[...]
me="0.001" /><testcase classname="tests.unit.test_domain_validation" name="test_request_creation" time="0.001" /><testcase classname="tests.unit.test_domain_validation" name="test_base_handler_validation" time="0.001" /><testcase classname="tests.unit.test_import_fixes" name="test_import_fixes" time="0.001" /><testcase classname="tests.unit.test_performance_benchmarks.TestPerformanceBenchmarks" name="test_request_creation_performance" time="0.000"><skipped type="pytest.skip" message="Performance test imports not available: cannot import name 'RequestRepository' from 'src.infrastructure.persistence.repositories.request_repository' (/Users/flamurg/src/aws/symphony/open-hostfactory-plugin/src/infrastructure/persistence/repositories/request_repository.py)">/Users/flamurg/src/aws/symphony/open-hostfactory-plugin/tests/unit/test_performance_benchmarks.py:32: Performance test imports not available: cannot import name 'RequestRepository' from 'src.infrastructure.persistence.repositories.request_repository' (/Users/flamurg/src/aws/symphony/open-hostfactory-plugin/src/infrastructure/persistence/repositories/request_repository.py)</skipped></testcase><testcase classname="tests.unit.test_performance_benchmarks.TestPerformanceBenchmarks" name="test_template_loading_performance" time="0.000"><skipped type="pytest.skip" message="Performance test imports not available: cannot import name 'RequestRepository' from 'src.infrastructure.persistence.repositories.request_repository' (/Users/flamurg/src/aws/symphony/open-hostfactory-plugin/src/infrastructure/persistence/repositories/request_repository.py)">/Users/flamurg/src/aws/symphony/open-hostfactory-plugin/tests/unit/test_performance_benchmarks.py:60: Performance test imports not available: cannot import name 'RequestRepository' from 'src.infrastructure.persistence.repositories.request_repository' (/Users/flamurg/src/aws/symphony/open-hostfactory-plugin/src/infrastructure/persistence/repositories/request_repository.py)</skipped></testcase><testcase classname="tests.unit.test_performance_benchmarks.TestPerformanceBenchmarks" name="test_domain_event_generation_performance" time="0.000"><skipped type="pytest.skip" message="Performance test imports not available: cannot import name 'RequestRepository' from 'src.infrastructure.persistence.repositories.request_repository' (/Users/flamurg/src/aws/symphony/open-hostfactory-plugin/src/infrastructure/persistence/repositories/request_repository.py)">/Users/flamurg/src/aws/symphony/open-hostfactory-plugin/tests/unit/test_performance_benchmarks.py:92: Performance test imports not available: cannot import name 'RequestRepository' from 'src.infrastructure.persistence.repositories.request_repository' (/Users/flamurg/src/aws/symphony/open-hostfactory-plugin/src/infrastructure/persistence/repositories/request_repository.py)</skipped></testcase><testcase classname="tests.unit.test_performance_benchmarks.TestPerformanceBenchmarks" name="test_repository_save_performance" time="0.000"><skipped type="pytest.skip" message="Performance test imports not available: cannot import name 'RequestRepository' from 'src.infrastructure.persistence.repositories.request_repository' (/Users/flamurg/src/aws/symphony/open-hostfactory-plugin/src/infrastructure/persistence/repositories/request_repository.py)">/Users/flamurg/src/aws/symphony/open-hostfactory-plugin/tests/unit/test_performance_benchmarks.py:122: Performance test imports not available: cannot import name 'RequestRepository' from 'src.infrastructure.persistence.repositories.request_repository' (/Users/flamurg/src/aws/symphony/open-hostfactory-plugin/src/infrastructure/persistence/repositories/request_repository.py)</skipped></testcase><testcase classname="tests.unit.test_performance_benchmarks.TestMemoryPerformance" name="test_memory_usage_during_request_creation" time="0.000"><skipped type="pytest.skip" message="Performance test imports not available: cannot import name 'RequestRepository' from 'src.infrastructure.persistence.repositories.request_repository' (/Users/flamurg/src/aws/symphony/open-hostfactory-plugin/src/infrastructure/persistence/repositories/request_repository.py)">/Users/flamurg/src/aws/symphony/open-hostfactory-plugin/tests/unit/test_performance_benchmarks.py:152: Performance test imports not available: cannot import name 'RequestRepository' from 'src.infrastructure.persistence.repositories.request_repository' (/Users/flamurg/src/aws/symphony/open-hostfactory-plugin/src/infrastructure/persistence/repositories/request_repository.py)</skipped></testcase><testcase classname="tests.unit.test_performance_benchmarks.TestMemoryPerformance" name="test_memory_leak_detection" time="0.000"><skipped type="pytest.skip" message="Performance test imports not available: cannot import name 'RequestRepository' from 'src.infrastructure.persistence.repositories.request_repository' (/Users/flamurg/src/aws/symphony/open-hostfactory-plugin/src/infrastructure/persistence/repositories/request_repository.py)">/Users/flamurg/src/aws/symphony/open-hostfactory-plugin/tests/unit/test_performance_benchmarks.py:189: Performance test imports not available: cannot import name 'RequestRepository' from 'src.infrastructure.persistence.repositories.request_repository' (/Users/flamurg/src/aws/symphony/open-hostfactory-plugin/src/infrastructure/persistence/repositories/request_repository.py)</skipped></testcase><testcase classname="tests.unit.test_performance_benchmarks.TestMemoryPerformance" name="test_garbage_collection_impact" time="0.000"><skipped type="pytest.skip" message="Performance test imports not available: cannot import name 'RequestRepository' from 'src.infrastructure.persistence.repositories.request_repository' (/Users/flamurg/src/aws/symphony/open-hostfactory-plugin/src/infrastructure/persistence/repositories/request_repository.py)">/Users/flamurg/src/aws/symphony/open-hostfactory-plugin/tests/unit/test_performance_benchmarks.py:234: Performance test imports not available: cannot import name 'RequestRepository' from 'src.infrastructure.persistence.repositories.request_repository' (/Users/flamurg/src/aws/symphony/open-hostfactory-plugin/src/infrastructure/persistence/repositories/request_repository.py)</skipped></testcase><testcase classname="tests.unit.test_performance_benchmarks.TestConcurrentPerformance" name="test_concurrent_request_creation_performance" time="0.000"><skipped type="pytest.skip" message="Performance test imports not available: cannot import name 'RequestRepository' from 'src.infrastructure.persistence.repositories.request_repository' (/Users/flamurg/src/aws/symphony/open-hostfactory-plugin/src/infrastructure/persistence/repositories/request_repository.py)">/Users/flamurg/src/aws/symphony/open-hostfactory-plugin/tests/unit/test_performance_benchmarks.py:285: Performance test imports not available: cannot import name 'RequestRepository' from 'src.infrastructure.persistence.repositories.request_repository' (/Users/flamurg/src/aws/symphony/open-hostfactory-plugin/src/infrastructure/persistence/repositories/request_repository.py)</skipped></testcase><testcase classname="tests.unit.test_performance_benchmarks.TestConcurrentPerformance" name="test_repository_concurrent_access_performance" time="0.000"><skipped type="pytest.skip" message="Performance test imports not available: cannot import name 'RequestRepository' from 'src.infrastructure.persistence.repositories.request_repository' (/Users/flamurg/src/aws/symphony/open-hostfactory-plugin/src/infrastructure/persistence/repositories/request_repository.py)">/Users/flamurg/src/aws/symphony/open-hostfactory-plugin/tests/unit/test_performance_benchmarks.py:338: Performance test imports not available: cannot import name 'RequestRepository' from 'src.infrastructure.persistence.repositories.request_repository' (/Users/flamurg/src/aws/symphony/open-hostfactory-plugin/src/infrastructure/persistence/repositories/request_repository.py)</skipped></testcase><testcase classname="tests.unit.test_performance_benchmarks.TestConcurrentPerformance" name="test_thread_safety_performance_impact" time="0.000"><skipped type="pytest.skip" message="Performance test imports not available: cannot import name 'RequestRepository' from 'src.infrastructure.persistence.repositories.request_repository' (/Users/flamurg/src/aws/symphony/open-hostfactory-plugin/src/infrastructure/persistence/repositories/request_repository.py)">/Users/flamurg/src/aws/symphony/open-hostfactory-plugin/tests/unit/test_performance_benchmarks.py:389: Performance test imports not available: cannot import name 'RequestRepository' from 'src.infrastructure.persistence.repositories.request_repository' (/Users/flamurg/src/aws/symphony/open-hostfactory-plugin/src/infrastructure/persistence/repositories/request_repository.py)</skipped></testcase><testcase classname="tests.unit.test_performance_benchmarks.TestScalabilityLimits" name="test_maximum_concurrent_requests" time="0.000"><skipped type="pytest.skip" message="Performance test imports not available: cannot import name 'RequestRepository' from 'src.infrastructure.persistence.repositories.request_repository' (/Users/flamurg/src/aws/symphony/open-hostfactory-plugin/src/infrastructure/persistence/repositories/request_repository.py)">/Users/flamurg/src/aws/symphony/open-hostfactory-plugin/tests/unit/test_performance_benchmarks.py:453: Performance test imports not available: cannot import name 'RequestRepository' from 'src.infrastructure.persistence.repositories.request_repository' (/Users/flamurg/src/aws/symphony/open-hostfactory-plugin/src/infrastructure/persistence/repositories/request_repository.py)</skipped></testcase><testcase classname="tests.unit.test_performance_benchmarks.TestScalabilityLimits" name="test_large_dataset_handling" time="0.000"><skipped type="pytest.skip" message="Performance test imports not available: cannot import name 'RequestRepository' from 'src.infrastructure.persistence.repositories.request_repository' (/Users/flamurg/src/aws/symphony/open-hostfactory-plugin/src/infrastructure/persistence/repositories/request_repository.py)">/Users/flamurg/src/aws/symphony/open-hostfactory-plugin/tests/unit/test_performance_benchmarks.py:499: Performance test imports not available: cannot import name 'RequestRepository' from 'src.infrastructure.persistence.repositories.request_repository' (/Users/flamurg/src/aws/symphony/open-hostfactory-plugin/src/infrastructure/persistence/repositories/request_repository.py)</skipped></testcase><testcase classname="tests.unit.test_performance_benchmarks.TestScalabilityLimits" name="test_memory_scalability_limits" time="0.000"><skipped type="pytest.skip" message="Performance test imports not available: cannot import name 'RequestRepository' from 'src.infrastructure.persistence.repositories.request_repository' (/Users/flamurg/src/aws/symphony/open-hostfactory-plugin/src/infrastructure/persistence/repositories/request_repository.py)">/Users/flamurg/src/aws/symphony/open-hostfactory-plugin/tests/unit/test_performance_benchmarks.py:552: Performance test imports not available: cannot import name 'RequestRepository' from 'src.infrastructure.persistence.repositories.request_repository' (/Users/flamurg/src/aws/symphony/open-hostfactory-plugin/src/infrastructure/persistence/repositories/request_repository.py)</skipped></testcase><testcase classname="tests.unit.test_performance_benchmarks.TestPerformanceRegression" name="test_performance_baseline" time="0.000"><skipped type="pytest.skip" message="Performance test imports not available: cannot import name 'RequestRepository' from 'src.infrastructure.persistence.repositories.request_repository' (/Users/flamurg/src/aws/symphony/open-hostfactory-plugin/src/infrastructure/persistence/repositories/request_repository.py)">/Users/flamurg/src/aws/symphony/open-hostfactory-plugin/tests/unit/test_performance_benchmarks.py:603: Performance test imports not available: cannot import name 'RequestRepository' from 'src.infrastructure.persistence.repositories.request_repository' (/Users/flamurg/src/aws/symphony/open-hostfactory-plugin/src/infrastructure/persistence/repositories/request_repository.py)</skipped></testcase><testcase classname="tests.unit.test_security_validation.TestInputValidationSecurity" name="test_sql_injection_prevention_in_template_id" time="0.001"><failure message="TypeError: Request.create_new_request() got an unexpected keyword argument 'requester_id'">tests/unit/test_security_validation.py:41: in test_sql_injection_prevention_in_template_id
    request = Request.create_new_request(
E   TypeError: Request.create_new_request() got an unexpected keyword argument 'requester_id'</failure></testcase><testcase classname="tests.unit.test_security_validation.TestInputValidationSecurity" name="test_xss_prevention_in_user_inputs" time="0.001"><failure message="TypeError: Request.create_new_request() got an unexpected keyword argument 'requester_id'">tests/unit/test_security_validation.py:71: in test_xss_prevention_in_user_inputs
    request = Request.create_new_request(
E   TypeError: Request.create_new_request() got an unexpected keyword argument 'requester_id'</failure></testcase><testcase classname="tests.unit.test_security_validation.TestInputValidationSecurity" name="test_command_injection_prevention" time="0.001"><failure message="TypeError: Request.create_new_request() got an unexpected keyword argument 'requester_id'">tests/unit/test_security_validation.py:102: in test_command_injection_prevention
    request = Request.create_new_request(
E   TypeError: Request.create_new_request() got an unexpected keyword argument 'requester_id'</failure></testcase><testcase classname="tests.unit.test_security_validation.TestInputValidationSecurity" name="test_path_traversal_prevention" time="0.001"><failure message="TypeError: Request.create_new_request() got an unexpected keyword argument 'requester_id'">tests/unit/test_security_validation.py:135: in test_path_traversal_prevention
    request = Request.create_new_request(
E   TypeError: Request.create_new_request() got an unexpected keyword argument 'requester_id'</failure></testcase><testcase classname="tests.unit.test_security_validation.TestInputValidationSecurity" name="test_ldap_injection_prevention" time="0.001"><failure message="TypeError: Request.create_new_request() got an unexpected keyword argument 'requester_id'">tests/unit/test_security_validation.py:164: in test_ldap_injection_prevention
    request = Request.create_new_request(
E   TypeError: Request.create_new_request() got an unexpected keyword argument 'requester_id'</failure></testcase><testcase classname="tests.unit.test_security_validation.TestAuthenticationSecurity" name="test_request_authorization_validation" time="0.001"><failure message="TypeError: Request.create_new_request() got an unexpected keyword argument 'requester_id'">tests/unit/test_security_validation.py:187: in test_request_authorization_validation
    valid_request = Request.create_new_request(
E   TypeError: Request.create_new_request() got an unexpected keyword argument 'requester_id'</failure></testcase><testcase classname="tests.unit.test_security_validation.TestAuthenticationSecurity" name="test_template_access_control" time="0.001"><failure message="pydantic_core._pydantic_core.ValidationError: 1 validation error for Template&#10;  Value error, template_id is required [type=value_error, input_value={'template_id': '', 'name... 15, 1, 23, 39, 615923)}, input_type=dict]&#10;    For further information visit https://errors.pydantic.dev/2.9/v/value_error">tests/unit/test_security_validation.py:219: in test_template_access_control
    Template(
src/domain/template/aggregate.py:98: in __init__
    super().__init__(**data)
E   pydantic_core._pydantic_core.ValidationError: 1 validation error for Template
E     Value error, template_id is required [type=value_error, input_value={'template_id': '', 'name... 15, 1, 23, 39, 615923)}, input_type=dict]
E       For further information visit https://errors.pydantic.dev/2.9/v/value_error</failure></testcase><testcase classname="tests.unit.test_security_validation.TestAuthenticationSecurity" name="test_session_security" time="0.001" /><testcase classname="tests.unit.test_security_validation.TestAuthenticationSecurity" name="test_credential_handling_security" time="0.001"><failure message="AssertionError: assert '*******************' == '********************'&#10;  &#10;  #x1B[0m#x1B[91m- ********************#x1B[39;49;00m#x1B[90m#x1B[39;49;00m&#10;  ?                    -#x1B[90m#x1B[39;49;00m&#10;  #x1B[92m+ *******************#x1B[39;49;00m#x1B[90m#x1B[39;49;00m">tests/unit/test_security_validation.py:278: in test_credential_handling_security
    assert masked_data["api_key"] == "********************"
E   AssertionError: assert '*******************' == '********************'
E     
E     #x1B[0m#x1B[91m- ********************#x1B[39;49;00m#x1B[90m#x1B[39;49;00m
E     ?                    -#x1B[90m#x1B[39;49;00m
E     #x1B[92m+ *******************#x1B[39;49;00m#x1B[90m#x1B[39;49;00m</failure></testcase><testcase classname="tests.unit.test_security_validation.TestDataProtectionSecurity" name="test_sensitive_data_masking_in_logs" time="0.001" /><testcase classname="tests.unit.test_security_validation.TestDataProtectionSecurity" name="test_data_encryption_at_rest" time="0.001" /><testcase classname="tests.unit.test_security_validation.TestDataProtectionSecurity" name="test_pii_data_handling" time="0.001" /><testcase classname="tests.unit.test_security_validation.TestDataProtectionSecurity" name="test_data_sanitization" time="0.001" /><testcase classname="tests.unit.test_security_validation.TestCryptographicSecurity" name="test_secure_random_generation" time="0.002" /><testcase classname="tests.unit.test_security_validation.TestCryptographicSecurity" name="test_password_hashing_security" time="0.099" /><testcase classname="tests.unit.test_security_validation.TestCryptographicSecurity" name="test_secure_token_generation" time="0.001" /><testcase classname="tests.unit.test_security_validation.TestCryptographicSecurity" name="test_data_integrity_verification" time="0.001" /><testcase classname="tests.unit.test_security_validation.TestSecurityConfiguration" name="test_secure_defaults" time="0.001"><failure message="TypeError: Request.create_new_request() got an unexpected keyword argument 'requester_id'">tests/unit/test_security_validation.py:572: in test_secure_defaults
    request = Request.create_new_request(
E   TypeError: Request.create_new_request() got an unexpected keyword argument 'requester_id'</failure></testcase><testcase classname="tests.unit.test_security_validation.TestSecurityConfiguration" name="test_security_headers_simulation" time="0.001" /><testcase classname="tests.unit.test_security_validation.TestSecurityConfiguration" name="test_rate_limiting_simulation" time="0.001"><failure message="AssertionError: assert False&#10; +  where False = &lt;function TestSecurityConfiguration.test_rate_limiting_simulation.&lt;locals&gt;.is_rate_limited at 0x120faf060&gt;('test-user', (1640995200 + 60))">tests/unit/test_security_validation.py:655: in test_rate_limiting_simulation
    assert is_rate_limited(user_id, current_time + rate_limits["requests_per_minute"])
E   AssertionError: assert False
E    +  where False = &lt;function TestSecurityConfiguration.test_rate_limiting_simulation.&lt;locals&gt;.is_rate_limited at 0x120faf060&gt;('test-user', (1640995200 + 60))</failure></testcase><testcase classname="tests.unit.test_security_validation.TestSecurityConfiguration" name="test_input_length_limits" time="0.001"><failure message="TypeError: Request.create_new_request() got an unexpected keyword argument 'requester_id'">tests/unit/test_security_validation.py:670: in test_input_length_limits
    request = Request.create_new_request(
E   TypeError: Request.create_new_request() got an unexpected keyword argument 'requester_id'</failure></testcase></testsuite></testsuites>